Arguments: 
  /Users/john.hardy/.nvm/versions/node/v10.21.0/bin/node /usr/local/Cellar/yarn/1.22.4/libexec/bin/yarn.js npm publish

PATH: 
  /Users/john.hardy/.nvm/versions/node/v10.21.0/bin:/usr/local/bin:/usr/bin:/bin:/usr/sbin:/sbin:/Users/john.hardy/.nvm/versions/node/v10.21.0/bin:/Users/john.hardy/scripts:/Users/john.hardy/scripts

Yarn version: 
  1.22.4

Node version: 
  10.21.0

Platform: 
  darwin x64

Trace: 
  SyntaxError: /Users/john.hardy/projects/esential-repo/esential/package.json: Unexpected token : in JSON at position 207
      at JSON.parse (<anonymous>)
      at /usr/local/Cellar/yarn/1.22.4/libexec/lib/cli.js:1625:59
      at Generator.next (<anonymous>)
      at step (/usr/local/Cellar/yarn/1.22.4/libexec/lib/cli.js:310:30)
      at /usr/local/Cellar/yarn/1.22.4/libexec/lib/cli.js:321:13

npm manifest: 
  {
    "name": "@lagado/esential",
    "version": "1.0.0",
    "description": "Esential - Support for WebAssembly in Javascript",
    "keywords": [
      "webassembly",
      "typescript"
    ],
    "repository": 
    "author": "John Hardy <“jh@lagado.com”> (https://www.lagado.com)",
    "license": "MIT",
    "source": "index.ts",
    "main": "dist/esential.js",
    "module": "dist/esential.module.js",
    "unpkg": "dist/esential.umd.js",
    "scripts": {
      "build": "microbundle",
      "dev": "microbundle watch"
    },
    "devDependencies": {
      "microbundle": "^0.12.4"
    },
    "dependencies": {
      "binaryen": "^97.0.0"
    },
    "publishConfig": {
      "registry": "https://npm.pkg.github.com/"
    }
  }

yarn manifest: 
  No manifest

Lockfile: 
  No lockfile
